

Microchip Technology PIC LITE Macro Assembler V1.37 build -260352376 
                                                                                               Mon Jul 25 19:48:41 2016

Microchip Technology Omniscient Code Generator v1.37 (Free mode) build 201603110536
     1                           	processor	16F1503
     2                           	opt	pw 120
     3                           	opt	lm
     4                           	psect	cinit,global,class=CODE,merge=1,delta=2
     5                           	psect	bssBANK0,global,class=BANK0,space=1,delta=1
     6                           	psect	clrtext,global,class=CODE,delta=2
     7                           	psect	cstackCOMMON,global,class=COMMON,space=1,delta=1
     8                           	psect	cstackBANK0,global,class=BANK0,space=1,delta=1
     9                           	psect	maintext,global,class=CODE,merge=1,split=1,delta=2
    10                           	psect	text1,local,class=CODE,merge=1,delta=2
    11                           	psect	text2,local,class=CODE,merge=1,delta=2
    12                           	psect	text3,local,class=CODE,merge=1,delta=2
    13                           	psect	text4,local,class=CODE,merge=1,delta=2
    14                           	psect	text5,local,class=CODE,merge=1,delta=2
    15                           	psect	intentry,global,class=CODE,delta=2
    16                           	dabs	1,0x7E,2
    17  0000                     	;# 
    18  0001                     	;# 
    19  0002                     	;# 
    20  0003                     	;# 
    21  0004                     	;# 
    22  0005                     	;# 
    23  0006                     	;# 
    24  0007                     	;# 
    25  0008                     	;# 
    26  0009                     	;# 
    27  000A                     	;# 
    28  000B                     	;# 
    29  000C                     	;# 
    30  000E                     	;# 
    31  0011                     	;# 
    32  0012                     	;# 
    33  0013                     	;# 
    34  0015                     	;# 
    35  0016                     	;# 
    36  0016                     	;# 
    37  0017                     	;# 
    38  0018                     	;# 
    39  0019                     	;# 
    40  001A                     	;# 
    41  001B                     	;# 
    42  001C                     	;# 
    43  008C                     	;# 
    44  008E                     	;# 
    45  0091                     	;# 
    46  0092                     	;# 
    47  0093                     	;# 
    48  0095                     	;# 
    49  0096                     	;# 
    50  0097                     	;# 
    51  0099                     	;# 
    52  009A                     	;# 
    53  009B                     	;# 
    54  009B                     	;# 
    55  009C                     	;# 
    56  009D                     	;# 
    57  009E                     	;# 
    58  009F                     	;# 
    59  010C                     	;# 
    60  010E                     	;# 
    61  0111                     	;# 
    62  0112                     	;# 
    63  0113                     	;# 
    64  0114                     	;# 
    65  0115                     	;# 
    66  0116                     	;# 
    67  0117                     	;# 
    68  0118                     	;# 
    69  0119                     	;# 
    70  011D                     	;# 
    71  018C                     	;# 
    72  018E                     	;# 
    73  0191                     	;# 
    74  0191                     	;# 
    75  0192                     	;# 
    76  0193                     	;# 
    77  0193                     	;# 
    78  0194                     	;# 
    79  0195                     	;# 
    80  0196                     	;# 
    81  0197                     	;# 
    82  020C                     	;# 
    83  0211                     	;# 
    84  0211                     	;# 
    85  0212                     	;# 
    86  0212                     	;# 
    87  0213                     	;# 
    88  0213                     	;# 
    89  0214                     	;# 
    90  0214                     	;# 
    91  0215                     	;# 
    92  0215                     	;# 
    93  0215                     	;# 
    94  0216                     	;# 
    95  0216                     	;# 
    96  0217                     	;# 
    97  0217                     	;# 
    98  0391                     	;# 
    99  0392                     	;# 
   100  0393                     	;# 
   101  0498                     	;# 
   102  0498                     	;# 
   103  0499                     	;# 
   104  049A                     	;# 
   105  049B                     	;# 
   106  049B                     	;# 
   107  049C                     	;# 
   108  049D                     	;# 
   109  049E                     	;# 
   110  049F                     	;# 
   111  0611                     	;# 
   112  0612                     	;# 
   113  0613                     	;# 
   114  0613                     	;# 
   115  0614                     	;# 
   116  0615                     	;# 
   117  0616                     	;# 
   118  0616                     	;# 
   119  0617                     	;# 
   120  0618                     	;# 
   121  0619                     	;# 
   122  0619                     	;# 
   123  061A                     	;# 
   124  061B                     	;# 
   125  061C                     	;# 
   126  061C                     	;# 
   127  0691                     	;# 
   128  0692                     	;# 
   129  0693                     	;# 
   130  0694                     	;# 
   131  0695                     	;# 
   132  0F0F                     	;# 
   133  0F10                     	;# 
   134  0F11                     	;# 
   135  0F12                     	;# 
   136  0F13                     	;# 
   137  0F14                     	;# 
   138  0F15                     	;# 
   139  0F16                     	;# 
   140  0F17                     	;# 
   141  0F18                     	;# 
   142  0F19                     	;# 
   143  0F1A                     	;# 
   144  0F1B                     	;# 
   145  0F1C                     	;# 
   146  0F1D                     	;# 
   147  0F1E                     	;# 
   148  0F1F                     	;# 
   149  0FE3                     	;# 
   150  0FE4                     	;# 
   151  0FE5                     	;# 
   152  0FE6                     	;# 
   153  0FE7                     	;# 
   154  0FE8                     	;# 
   155  0FE9                     	;# 
   156  0FEA                     	;# 
   157  0FEB                     	;# 
   158  0FED                     	;# 
   159  0FEE                     	;# 
   160  0FEF                     	;# 
   161  0000                     	;# 
   162  0001                     	;# 
   163  0002                     	;# 
   164  0003                     	;# 
   165  0004                     	;# 
   166  0005                     	;# 
   167  0006                     	;# 
   168  0007                     	;# 
   169  0008                     	;# 
   170  0009                     	;# 
   171  000A                     	;# 
   172  000B                     	;# 
   173  000C                     	;# 
   174  000E                     	;# 
   175  0011                     	;# 
   176  0012                     	;# 
   177  0013                     	;# 
   178  0015                     	;# 
   179  0016                     	;# 
   180  0016                     	;# 
   181  0017                     	;# 
   182  0018                     	;# 
   183  0019                     	;# 
   184  001A                     	;# 
   185  001B                     	;# 
   186  001C                     	;# 
   187  008C                     	;# 
   188  008E                     	;# 
   189  0091                     	;# 
   190  0092                     	;# 
   191  0093                     	;# 
   192  0095                     	;# 
   193  0096                     	;# 
   194  0097                     	;# 
   195  0099                     	;# 
   196  009A                     	;# 
   197  009B                     	;# 
   198  009B                     	;# 
   199  009C                     	;# 
   200  009D                     	;# 
   201  009E                     	;# 
   202  009F                     	;# 
   203  010C                     	;# 
   204  010E                     	;# 
   205  0111                     	;# 
   206  0112                     	;# 
   207  0113                     	;# 
   208  0114                     	;# 
   209  0115                     	;# 
   210  0116                     	;# 
   211  0117                     	;# 
   212  0118                     	;# 
   213  0119                     	;# 
   214  011D                     	;# 
   215  018C                     	;# 
   216  018E                     	;# 
   217  0191                     	;# 
   218  0191                     	;# 
   219  0192                     	;# 
   220  0193                     	;# 
   221  0193                     	;# 
   222  0194                     	;# 
   223  0195                     	;# 
   224  0196                     	;# 
   225  0197                     	;# 
   226  020C                     	;# 
   227  0211                     	;# 
   228  0211                     	;# 
   229  0212                     	;# 
   230  0212                     	;# 
   231  0213                     	;# 
   232  0213                     	;# 
   233  0214                     	;# 
   234  0214                     	;# 
   235  0215                     	;# 
   236  0215                     	;# 
   237  0215                     	;# 
   238  0216                     	;# 
   239  0216                     	;# 
   240  0217                     	;# 
   241  0217                     	;# 
   242  0391                     	;# 
   243  0392                     	;# 
   244  0393                     	;# 
   245  0498                     	;# 
   246  0498                     	;# 
   247  0499                     	;# 
   248  049A                     	;# 
   249  049B                     	;# 
   250  049B                     	;# 
   251  049C                     	;# 
   252  049D                     	;# 
   253  049E                     	;# 
   254  049F                     	;# 
   255  0611                     	;# 
   256  0612                     	;# 
   257  0613                     	;# 
   258  0613                     	;# 
   259  0614                     	;# 
   260  0615                     	;# 
   261  0616                     	;# 
   262  0616                     	;# 
   263  0617                     	;# 
   264  0618                     	;# 
   265  0619                     	;# 
   266  0619                     	;# 
   267  061A                     	;# 
   268  061B                     	;# 
   269  061C                     	;# 
   270  061C                     	;# 
   271  0691                     	;# 
   272  0692                     	;# 
   273  0693                     	;# 
   274  0694                     	;# 
   275  0695                     	;# 
   276  0F0F                     	;# 
   277  0F10                     	;# 
   278  0F11                     	;# 
   279  0F12                     	;# 
   280  0F13                     	;# 
   281  0F14                     	;# 
   282  0F15                     	;# 
   283  0F16                     	;# 
   284  0F17                     	;# 
   285  0F18                     	;# 
   286  0F19                     	;# 
   287  0F1A                     	;# 
   288  0F1B                     	;# 
   289  0F1C                     	;# 
   290  0F1D                     	;# 
   291  0F1E                     	;# 
   292  0F1F                     	;# 
   293  0FE3                     	;# 
   294  0FE4                     	;# 
   295  0FE5                     	;# 
   296  0FE6                     	;# 
   297  0FE7                     	;# 
   298  0FE8                     	;# 
   299  0FE9                     	;# 
   300  0FEA                     	;# 
   301  0FEB                     	;# 
   302  0FED                     	;# 
   303  0FEE                     	;# 
   304  0FEF                     	;# 
   305  0000                     	;# 
   306  0001                     	;# 
   307  0002                     	;# 
   308  0003                     	;# 
   309  0004                     	;# 
   310  0005                     	;# 
   311  0006                     	;# 
   312  0007                     	;# 
   313  0008                     	;# 
   314  0009                     	;# 
   315  000A                     	;# 
   316  000B                     	;# 
   317  000C                     	;# 
   318  000E                     	;# 
   319  0011                     	;# 
   320  0012                     	;# 
   321  0013                     	;# 
   322  0015                     	;# 
   323  0016                     	;# 
   324  0016                     	;# 
   325  0017                     	;# 
   326  0018                     	;# 
   327  0019                     	;# 
   328  001A                     	;# 
   329  001B                     	;# 
   330  001C                     	;# 
   331  008C                     	;# 
   332  008E                     	;# 
   333  0091                     	;# 
   334  0092                     	;# 
   335  0093                     	;# 
   336  0095                     	;# 
   337  0096                     	;# 
   338  0097                     	;# 
   339  0099                     	;# 
   340  009A                     	;# 
   341  009B                     	;# 
   342  009B                     	;# 
   343  009C                     	;# 
   344  009D                     	;# 
   345  009E                     	;# 
   346  009F                     	;# 
   347  010C                     	;# 
   348  010E                     	;# 
   349  0111                     	;# 
   350  0112                     	;# 
   351  0113                     	;# 
   352  0114                     	;# 
   353  0115                     	;# 
   354  0116                     	;# 
   355  0117                     	;# 
   356  0118                     	;# 
   357  0119                     	;# 
   358  011D                     	;# 
   359  018C                     	;# 
   360  018E                     	;# 
   361  0191                     	;# 
   362  0191                     	;# 
   363  0192                     	;# 
   364  0193                     	;# 
   365  0193                     	;# 
   366  0194                     	;# 
   367  0195                     	;# 
   368  0196                     	;# 
   369  0197                     	;# 
   370  020C                     	;# 
   371  0211                     	;# 
   372  0211                     	;# 
   373  0212                     	;# 
   374  0212                     	;# 
   375  0213                     	;# 
   376  0213                     	;# 
   377  0214                     	;# 
   378  0214                     	;# 
   379  0215                     	;# 
   380  0215                     	;# 
   381  0215                     	;# 
   382  0216                     	;# 
   383  0216                     	;# 
   384  0217                     	;# 
   385  0217                     	;# 
   386  0391                     	;# 
   387  0392                     	;# 
   388  0393                     	;# 
   389  0498                     	;# 
   390  0498                     	;# 
   391  0499                     	;# 
   392  049A                     	;# 
   393  049B                     	;# 
   394  049B                     	;# 
   395  049C                     	;# 
   396  049D                     	;# 
   397  049E                     	;# 
   398  049F                     	;# 
   399  0611                     	;# 
   400  0612                     	;# 
   401  0613                     	;# 
   402  0613                     	;# 
   403  0614                     	;# 
   404  0615                     	;# 
   405  0616                     	;# 
   406  0616                     	;# 
   407  0617                     	;# 
   408  0618                     	;# 
   409  0619                     	;# 
   410  0619                     	;# 
   411  061A                     	;# 
   412  061B                     	;# 
   413  061C                     	;# 
   414  061C                     	;# 
   415  0691                     	;# 
   416  0692                     	;# 
   417  0693                     	;# 
   418  0694                     	;# 
   419  0695                     	;# 
   420  0F0F                     	;# 
   421  0F10                     	;# 
   422  0F11                     	;# 
   423  0F12                     	;# 
   424  0F13                     	;# 
   425  0F14                     	;# 
   426  0F15                     	;# 
   427  0F16                     	;# 
   428  0F17                     	;# 
   429  0F18                     	;# 
   430  0F19                     	;# 
   431  0F1A                     	;# 
   432  0F1B                     	;# 
   433  0F1C                     	;# 
   434  0F1D                     	;# 
   435  0F1E                     	;# 
   436  0F1F                     	;# 
   437  0FE3                     	;# 
   438  0FE4                     	;# 
   439  0FE5                     	;# 
   440  0FE6                     	;# 
   441  0FE7                     	;# 
   442  0FE8                     	;# 
   443  0FE9                     	;# 
   444  0FEA                     	;# 
   445  0FEB                     	;# 
   446  0FED                     	;# 
   447  0FEE                     	;# 
   448  0FEF                     	;# 
   449  0000                     	;# 
   450  0001                     	;# 
   451  0002                     	;# 
   452  0003                     	;# 
   453  0004                     	;# 
   454  0005                     	;# 
   455  0006                     	;# 
   456  0007                     	;# 
   457  0008                     	;# 
   458  0009                     	;# 
   459  000A                     	;# 
   460  000B                     	;# 
   461  000C                     	;# 
   462  000E                     	;# 
   463  0011                     	;# 
   464  0012                     	;# 
   465  0013                     	;# 
   466  0015                     	;# 
   467  0016                     	;# 
   468  0016                     	;# 
   469  0017                     	;# 
   470  0018                     	;# 
   471  0019                     	;# 
   472  001A                     	;# 
   473  001B                     	;# 
   474  001C                     	;# 
   475  008C                     	;# 
   476  008E                     	;# 
   477  0091                     	;# 
   478  0092                     	;# 
   479  0093                     	;# 
   480  0095                     	;# 
   481  0096                     	;# 
   482  0097                     	;# 
   483  0099                     	;# 
   484  009A                     	;# 
   485  009B                     	;# 
   486  009B                     	;# 
   487  009C                     	;# 
   488  009D                     	;# 
   489  009E                     	;# 
   490  009F                     	;# 
   491  010C                     	;# 
   492  010E                     	;# 
   493  0111                     	;# 
   494  0112                     	;# 
   495  0113                     	;# 
   496  0114                     	;# 
   497  0115                     	;# 
   498  0116                     	;# 
   499  0117                     	;# 
   500  0118                     	;# 
   501  0119                     	;# 
   502  011D                     	;# 
   503  018C                     	;# 
   504  018E                     	;# 
   505  0191                     	;# 
   506  0191                     	;# 
   507  0192                     	;# 
   508  0193                     	;# 
   509  0193                     	;# 
   510  0194                     	;# 
   511  0195                     	;# 
   512  0196                     	;# 
   513  0197                     	;# 
   514  020C                     	;# 
   515  0211                     	;# 
   516  0211                     	;# 
   517  0212                     	;# 
   518  0212                     	;# 
   519  0213                     	;# 
   520  0213                     	;# 
   521  0214                     	;# 
   522  0214                     	;# 
   523  0215                     	;# 
   524  0215                     	;# 
   525  0215                     	;# 
   526  0216                     	;# 
   527  0216                     	;# 
   528  0217                     	;# 
   529  0217                     	;# 
   530  0391                     	;# 
   531  0392                     	;# 
   532  0393                     	;# 
   533  0498                     	;# 
   534  0498                     	;# 
   535  0499                     	;# 
   536  049A                     	;# 
   537  049B                     	;# 
   538  049B                     	;# 
   539  049C                     	;# 
   540  049D                     	;# 
   541  049E                     	;# 
   542  049F                     	;# 
   543  0611                     	;# 
   544  0612                     	;# 
   545  0613                     	;# 
   546  0613                     	;# 
   547  0614                     	;# 
   548  0615                     	;# 
   549  0616                     	;# 
   550  0616                     	;# 
   551  0617                     	;# 
   552  0618                     	;# 
   553  0619                     	;# 
   554  0619                     	;# 
   555  061A                     	;# 
   556  061B                     	;# 
   557  061C                     	;# 
   558  061C                     	;# 
   559  0691                     	;# 
   560  0692                     	;# 
   561  0693                     	;# 
   562  0694                     	;# 
   563  0695                     	;# 
   564  0F0F                     	;# 
   565  0F10                     	;# 
   566  0F11                     	;# 
   567  0F12                     	;# 
   568  0F13                     	;# 
   569  0F14                     	;# 
   570  0F15                     	;# 
   571  0F16                     	;# 
   572  0F17                     	;# 
   573  0F18                     	;# 
   574  0F19                     	;# 
   575  0F1A                     	;# 
   576  0F1B                     	;# 
   577  0F1C                     	;# 
   578  0F1D                     	;# 
   579  0F1E                     	;# 
   580  0F1F                     	;# 
   581  0FE3                     	;# 
   582  0FE4                     	;# 
   583  0FE5                     	;# 
   584  0FE6                     	;# 
   585  0FE7                     	;# 
   586  0FE8                     	;# 
   587  0FE9                     	;# 
   588  0FEA                     	;# 
   589  0FEB                     	;# 
   590  0FED                     	;# 
   591  0FEE                     	;# 
   592  0FEF                     	;# 
   593  0000                     	;# 
   594  0001                     	;# 
   595  0002                     	;# 
   596  0003                     	;# 
   597  0004                     	;# 
   598  0005                     	;# 
   599  0006                     	;# 
   600  0007                     	;# 
   601  0008                     	;# 
   602  0009                     	;# 
   603  000A                     	;# 
   604  000B                     	;# 
   605  000C                     	;# 
   606  000E                     	;# 
   607  0011                     	;# 
   608  0012                     	;# 
   609  0013                     	;# 
   610  0015                     	;# 
   611  0016                     	;# 
   612  0016                     	;# 
   613  0017                     	;# 
   614  0018                     	;# 
   615  0019                     	;# 
   616  001A                     	;# 
   617  001B                     	;# 
   618  001C                     	;# 
   619  008C                     	;# 
   620  008E                     	;# 
   621  0091                     	;# 
   622  0092                     	;# 
   623  0093                     	;# 
   624  0095                     	;# 
   625  0096                     	;# 
   626  0097                     	;# 
   627  0099                     	;# 
   628  009A                     	;# 
   629  009B                     	;# 
   630  009B                     	;# 
   631  009C                     	;# 
   632  009D                     	;# 
   633  009E                     	;# 
   634  009F                     	;# 
   635  010C                     	;# 
   636  010E                     	;# 
   637  0111                     	;# 
   638  0112                     	;# 
   639  0113                     	;# 
   640  0114                     	;# 
   641  0115                     	;# 
   642  0116                     	;# 
   643  0117                     	;# 
   644  0118                     	;# 
   645  0119                     	;# 
   646  011D                     	;# 
   647  018C                     	;# 
   648  018E                     	;# 
   649  0191                     	;# 
   650  0191                     	;# 
   651  0192                     	;# 
   652  0193                     	;# 
   653  0193                     	;# 
   654  0194                     	;# 
   655  0195                     	;# 
   656  0196                     	;# 
   657  0197                     	;# 
   658  020C                     	;# 
   659  0211                     	;# 
   660  0211                     	;# 
   661  0212                     	;# 
   662  0212                     	;# 
   663  0213                     	;# 
   664  0213                     	;# 
   665  0214                     	;# 
   666  0214                     	;# 
   667  0215                     	;# 
   668  0215                     	;# 
   669  0215                     	;# 
   670  0216                     	;# 
   671  0216                     	;# 
   672  0217                     	;# 
   673  0217                     	;# 
   674  0391                     	;# 
   675  0392                     	;# 
   676  0393                     	;# 
   677  0498                     	;# 
   678  0498                     	;# 
   679  0499                     	;# 
   680  049A                     	;# 
   681  049B                     	;# 
   682  049B                     	;# 
   683  049C                     	;# 
   684  049D                     	;# 
   685  049E                     	;# 
   686  049F                     	;# 
   687  0611                     	;# 
   688  0612                     	;# 
   689  0613                     	;# 
   690  0613                     	;# 
   691  0614                     	;# 
   692  0615                     	;# 
   693  0616                     	;# 
   694  0616                     	;# 
   695  0617                     	;# 
   696  0618                     	;# 
   697  0619                     	;# 
   698  0619                     	;# 
   699  061A                     	;# 
   700  061B                     	;# 
   701  061C                     	;# 
   702  061C                     	;# 
   703  0691                     	;# 
   704  0692                     	;# 
   705  0693                     	;# 
   706  0694                     	;# 
   707  0695                     	;# 
   708  0F0F                     	;# 
   709  0F10                     	;# 
   710  0F11                     	;# 
   711  0F12                     	;# 
   712  0F13                     	;# 
   713  0F14                     	;# 
   714  0F15                     	;# 
   715  0F16                     	;# 
   716  0F17                     	;# 
   717  0F18                     	;# 
   718  0F19                     	;# 
   719  0F1A                     	;# 
   720  0F1B                     	;# 
   721  0F1C                     	;# 
   722  0F1D                     	;# 
   723  0F1E                     	;# 
   724  0F1F                     	;# 
   725  0FE3                     	;# 
   726  0FE4                     	;# 
   727  0FE5                     	;# 
   728  0FE6                     	;# 
   729  0FE7                     	;# 
   730  0FE8                     	;# 
   731  0FE9                     	;# 
   732  0FEA                     	;# 
   733  0FEB                     	;# 
   734  0FED                     	;# 
   735  0FEE                     	;# 
   736  0FEF                     	;# 
   737  0000                     	;# 
   738  0001                     	;# 
   739  0002                     	;# 
   740  0003                     	;# 
   741  0004                     	;# 
   742  0005                     	;# 
   743  0006                     	;# 
   744  0007                     	;# 
   745  0008                     	;# 
   746  0009                     	;# 
   747  000A                     	;# 
   748  000B                     	;# 
   749  000C                     	;# 
   750  000E                     	;# 
   751  0011                     	;# 
   752  0012                     	;# 
   753  0013                     	;# 
   754  0015                     	;# 
   755  0016                     	;# 
   756  0016                     	;# 
   757  0017                     	;# 
   758  0018                     	;# 
   759  0019                     	;# 
   760  001A                     	;# 
   761  001B                     	;# 
   762  001C                     	;# 
   763  008C                     	;# 
   764  008E                     	;# 
   765  0091                     	;# 
   766  0092                     	;# 
   767  0093                     	;# 
   768  0095                     	;# 
   769  0096                     	;# 
   770  0097                     	;# 
   771  0099                     	;# 
   772  009A                     	;# 
   773  009B                     	;# 
   774  009B                     	;# 
   775  009C                     	;# 
   776  009D                     	;# 
   777  009E                     	;# 
   778  009F                     	;# 
   779  010C                     	;# 
   780  010E                     	;# 
   781  0111                     	;# 
   782  0112                     	;# 
   783  0113                     	;# 
   784  0114                     	;# 
   785  0115                     	;# 
   786  0116                     	;# 
   787  0117                     	;# 
   788  0118                     	;# 
   789  0119                     	;# 
   790  011D                     	;# 
   791  018C                     	;# 
   792  018E                     	;# 
   793  0191                     	;# 
   794  0191                     	;# 
   795  0192                     	;# 
   796  0193                     	;# 
   797  0193                     	;# 
   798  0194                     	;# 
   799  0195                     	;# 
   800  0196                     	;# 
   801  0197                     	;# 
   802  020C                     	;# 
   803  0211                     	;# 
   804  0211                     	;# 
   805  0212                     	;# 
   806  0212                     	;# 
   807  0213                     	;# 
   808  0213                     	;# 
   809  0214                     	;# 
   810  0214                     	;# 
   811  0215                     	;# 
   812  0215                     	;# 
   813  0215                     	;# 
   814  0216                     	;# 
   815  0216                     	;# 
   816  0217                     	;# 
   817  0217                     	;# 
   818  0391                     	;# 
   819  0392                     	;# 
   820  0393                     	;# 
   821  0498                     	;# 
   822  0498                     	;# 
   823  0499                     	;# 
   824  049A                     	;# 
   825  049B                     	;# 
   826  049B                     	;# 
   827  049C                     	;# 
   828  049D                     	;# 
   829  049E                     	;# 
   830  049F                     	;# 
   831  0611                     	;# 
   832  0612                     	;# 
   833  0613                     	;# 
   834  0613                     	;# 
   835  0614                     	;# 
   836  0615                     	;# 
   837  0616                     	;# 
   838  0616                     	;# 
   839  0617                     	;# 
   840  0618                     	;# 
   841  0619                     	;# 
   842  0619                     	;# 
   843  061A                     	;# 
   844  061B                     	;# 
   845  061C                     	;# 
   846  061C                     	;# 
   847  0691                     	;# 
   848  0692                     	;# 
   849  0693                     	;# 
   850  0694                     	;# 
   851  0695                     	;# 
   852  0F0F                     	;# 
   853  0F10                     	;# 
   854  0F11                     	;# 
   855  0F12                     	;# 
   856  0F13                     	;# 
   857  0F14                     	;# 
   858  0F15                     	;# 
   859  0F16                     	;# 
   860  0F17                     	;# 
   861  0F18                     	;# 
   862  0F19                     	;# 
   863  0F1A                     	;# 
   864  0F1B                     	;# 
   865  0F1C                     	;# 
   866  0F1D                     	;# 
   867  0F1E                     	;# 
   868  0F1F                     	;# 
   869  0FE3                     	;# 
   870  0FE4                     	;# 
   871  0FE5                     	;# 
   872  0FE6                     	;# 
   873  0FE7                     	;# 
   874  0FE8                     	;# 
   875  0FE9                     	;# 
   876  0FEA                     	;# 
   877  0FEB                     	;# 
   878  0FED                     	;# 
   879  0FEE                     	;# 
   880  0FEF                     	;# 
   881  000B                     _INTCONbits	set	11
   882  0011                     _PIR1bits	set	17
   883  000C                     _PORTAbits	set	12
   884  001C                     _T2CONbits	set	28
   885  009D                     _ADCON0bits	set	157
   886  009E                     _ADCON1bits	set	158
   887  009C                     _ADRESH	set	156
   888  009B                     _ADRESL	set	155
   889  0099                     _OSCCONbits	set	153
   890  009A                     _OSCSTAT	set	154
   891  008C                     _TRISAbits	set	140
   892  008E                     _TRISCbits	set	142
   893  010C                     _LATAbits	set	268
   894  010E                     _LATCbits	set	270
   895  018C                     _ANSELAbits	set	396
   896  0192                     _PMADRH	set	402
   897  0191                     _PMADRL	set	401
   898  0195                     _PMCON1bits	set	405
   899  0196                     _PMCON2	set	406
   900  0194                     _PMDATH	set	404
   901  0193                     _PMDATL	set	403
   902                           
   903                           ; #config settings
   904  0000                     
   905                           	psect	cinit
   906  000E                     start_initialization:	
   907  000E                     __initialization:	
   908                           
   909                           ; Clear objects allocated to BANK0
   910  000E  3020               	movlw	low __pbssBANK0
   911  000F  0084               	movwf	4
   912  0010  3000               	movlw	high __pbssBANK0
   913  0011  0085               	movwf	5
   914  0012  300E               	movlw	14
   915  0013  214D               	fcall	clear_ram0
   916  0014                     end_of_initialization:	
   917                           ;End of C runtime variable initialization code
   918                           
   919  0014                     __end_of__initialization:	
   920  0014  107E               	bcf	int$flags,0	;clear compiler interrupt flag (level 1)
   921  0015  0020               	movlb	0
   922  0016  2817               	ljmp	_main	;jump to C main() function
   923                           
   924                           	psect	bssBANK0
   925  0020                     __pbssBANK0:	
   926  0020                     wait_ms@timel:	
   927  0020                     	ds	4
   928  0024                     _boost_state:	
   929  0024                     	ds	2
   930  0026                     _debounce_count_boost:	
   931  0026                     	ds	2
   932  0028                     _debounce_count_fuzz:	
   933  0028                     	ds	2
   934  002A                     _feedback_state:	
   935  002A                     	ds	2
   936  002C                     _fuzz_state:	
   937  002C                     	ds	2
   938                           
   939                           	psect	clrtext
   940  014D                     clear_ram0:	
   941                           ;	Called with FSR0 containing the base address, and
   942                           ;	WREG with the size to clear
   943                           
   944  014D  0064               	clrwdt	;clear the watchdog before getting into this loop
   945  014E                     clrloop0:	
   946  014E  0180               	clrf	0	;clear RAM location pointed to by FSR
   947  014F  3101               	addfsr 0,1
   948  0150  0B89               	decfsz	9,f	;Have we reached the end of clearing yet?
   949  0151  294E               	goto	clrloop0	;have we reached the end yet?
   950  0152  3400               	retlw	0	;all done for this memory range, return
   951                           
   952                           	psect	cstackCOMMON
   953  0070                     __pcstackCOMMON:	
   954  0070                     ?_ConfigureOscillator:	
   955  0070                     ?_InitApp:	
   956                           ; 1 bytes @ 0x0
   957                           
   958  0070                     ?_init_adc:	
   959                           ; 1 bytes @ 0x0
   960                           
   961  0070                     ?_isr:	
   962                           ; 1 bytes @ 0x0
   963                           
   964  0070                     ??_isr:	
   965                           ; 1 bytes @ 0x0
   966                           
   967  0070                     ?_main:	
   968                           ; 1 bytes @ 0x0
   969                           
   970                           
   971                           ; 1 bytes @ 0x0
   972  0070                     	ds	1
   973  0071                     ??_ConfigureOscillator:	
   974  0071                     ??_InitApp:	
   975                           ; 1 bytes @ 0x1
   976                           
   977  0071                     ??_init_adc:	
   978                           ; 1 bytes @ 0x1
   979                           
   980  0071                     ?___lmul:	
   981                           ; 1 bytes @ 0x1
   982                           
   983  0071                     ___lmul@multiplier:	
   984                           ; 4 bytes @ 0x1
   985                           
   986                           
   987                           ; 4 bytes @ 0x1
   988  0071                     	ds	4
   989  0075                     ___lmul@multiplicand:	
   990                           
   991                           ; 4 bytes @ 0x5
   992  0075                     	ds	4
   993  0079                     ??___lmul:	
   994  0079                     ___lmul@product:	
   995                           ; 1 bytes @ 0x9
   996                           
   997                           
   998                           ; 4 bytes @ 0x9
   999  0079                     	ds	4
  1000  007D                     ??_wait_ms:	
  1001                           
  1002                           	psect	cstackBANK0
  1003  002E                     __pcstackBANK0:	
  1004                           ; 1 bytes @ 0xD
  1005                           
  1006  002E                     ?_wait_ms:	
  1007  002E                     wait_ms@time:	
  1008                           ; 1 bytes @ 0x0
  1009                           
  1010                           
  1011                           ; 2 bytes @ 0x0
  1012  002E                     	ds	2
  1013  0030                     ??_main:	
  1014                           
  1015                           ; 1 bytes @ 0x2
  1016  0030                     	ds	2
  1017                           
  1018                           	psect	maintext
  1019  0017                     __pmaintext:	
  1020 ;;
  1021 ;;Main: autosize = 0, tempsize = 2, incstack = 0, save=0
  1022 ;;
  1023 ;; *************** function _main *****************
  1024 ;; Defined at:
  1025 ;;		line 42 in file "main.c"
  1026 ;; Parameters:    Size  Location     Type
  1027 ;;		None
  1028 ;; Auto vars:     Size  Location     Type
  1029 ;;		None
  1030 ;; Return value:  Size  Location     Type
  1031 ;;                  1    wreg      void 
  1032 ;; Registers used:
  1033 ;;		wreg, status,2, status,0, pclath, cstack
  1034 ;; Tracked objects:
  1035 ;;		On entry : B1F/0
  1036 ;;		On exit  : 0/0
  1037 ;;		Unchanged: 0/0
  1038 ;; Data sizes:     COMMON   BANK0   BANK1
  1039 ;;      Params:         0       0       0
  1040 ;;      Locals:         0       0       0
  1041 ;;      Temps:          0       2       0
  1042 ;;      Totals:         0       2       0
  1043 ;;Total ram usage:        2 bytes
  1044 ;; Hardware stack levels required when called:    3
  1045 ;; This function calls:
  1046 ;;		_ConfigureOscillator
  1047 ;;		_InitApp
  1048 ;;		_wait_ms
  1049 ;; This function is called by:
  1050 ;;		Startup code after reset
  1051 ;; This function uses a non-reentrant model
  1052 ;;
  1053                           
  1054                           
  1055                           ;psect for function _main
  1056  0017                     _main:	
  1057                           
  1058                           ;main.c: 43: ConfigureOscillator();
  1059                           
  1060                           ;incstack = 0
  1061                           ; Regs used in _main: [wreg+status,2+status,0+pclath+cstack]
  1062  0017  2153               	fcall	_ConfigureOscillator
  1063                           
  1064                           ;main.c: 44: InitApp();
  1065  0018  2132               	fcall	_InitApp
  1066                           
  1067                           ;main.c: 46: LATCbits.LATC4 = 0;
  1068  0019  0022               	movlb	2	; select bank2
  1069  001A  120E               	bcf	14,4	;volatile
  1070                           
  1071                           ;main.c: 47: LATCbits.LATC0 = 0;
  1072  001B  100E               	bcf	14,0	;volatile
  1073                           
  1074                           ;main.c: 48: LATCbits.LATC1 = 0;
  1075  001C  108E               	bcf	14,1	;volatile
  1076                           
  1077                           ;main.c: 49: LATCbits.LATC2 = 0;
  1078  001D  110E               	bcf	14,2	;volatile
  1079                           
  1080                           ;main.c: 52: LATCbits.LATC4 = !boost_state;
  1081  001E  0020               	movlb	0	; select bank0
  1082  001F  0824               	movf	_boost_state,w
  1083  0020  0425               	iorwf	_boost_state+1,w
  1084  0021  1D03               	btfss	3,2
  1085  0022  2826               	goto	u400
  1086  0023  0022               	movlb	2	; select bank2
  1087  0024  160E               	bsf	14,4	;volatile
  1088  0025  2828               	goto	l771
  1089  0026                     u400:	
  1090  0026  0022               	movlb	2	; select bank2
  1091  0027  120E               	bcf	14,4	;volatile
  1092  0028                     l771:	
  1093                           
  1094                           ;main.c: 53: LATCbits.LATC0 = boost_state;
  1095  0028  0020               	movlb	0	; select bank0
  1096  0029  0C24               	rrf	_boost_state,w
  1097  002A  0022               	movlb	2	; select bank2
  1098  002B  1C03               	skipc
  1099  002C  100E               	bcf	14,0	;volatile
  1100  002D  1803               	skipnc
  1101  002E  140E               	bsf	14,0	;volatile
  1102                           
  1103                           ;main.c: 54: LATCbits.LATC5 = boost_state;
  1104  002F  0020               	movlb	0	; select bank0
  1105  0030  0C24               	rrf	_boost_state,w
  1106  0031  0022               	movlb	2	; select bank2
  1107  0032  1C03               	skipc
  1108  0033  128E               	bcf	14,5	;volatile
  1109  0034  1803               	skipnc
  1110  0035  168E               	bsf	14,5	;volatile
  1111                           
  1112                           ;main.c: 56: LATCbits.LATC1 = !fuzz_state;
  1113  0036  0020               	movlb	0	; select bank0
  1114  0037  082C               	movf	_fuzz_state,w
  1115  0038  042D               	iorwf	_fuzz_state+1,w
  1116  0039  1D03               	btfss	3,2
  1117  003A  283E               	goto	u420
  1118  003B  0022               	movlb	2	; select bank2
  1119  003C  148E               	bsf	14,1	;volatile
  1120  003D  2840               	goto	l777
  1121  003E                     u420:	
  1122  003E  0022               	movlb	2	; select bank2
  1123  003F  108E               	bcf	14,1	;volatile
  1124  0040                     l777:	
  1125                           
  1126                           ;main.c: 57: LATCbits.LATC2 = fuzz_state;
  1127  0040  0020               	movlb	0	; select bank0
  1128  0041  0C2C               	rrf	_fuzz_state,w
  1129  0042  0022               	movlb	2	; select bank2
  1130  0043  1C03               	skipc
  1131  0044  110E               	bcf	14,2	;volatile
  1132  0045  1803               	skipnc
  1133  0046  150E               	bsf	14,2	;volatile
  1134                           
  1135                           ;main.c: 58: LATAbits.LATA2 = fuzz_state;
  1136  0047  0020               	movlb	0	; select bank0
  1137  0048  0C2C               	rrf	_fuzz_state,w
  1138  0049  0022               	movlb	2	; select bank2
  1139  004A  1C03               	skipc
  1140  004B  110C               	bcf	12,2	;volatile
  1141  004C  1803               	skipnc
  1142  004D  150C               	bsf	12,2	;volatile
  1143  004E                     l781:	
  1144                           ;main.c: 67: while (1) {
  1145                           
  1146                           
  1147                           ;main.c: 68: if (PORTAbits.RA4 == 0) {
  1148  004E  0020               	movlb	0	; select bank0
  1149  004F  1A0C               	btfsc	12,4	;volatile
  1150  0050  2892               	goto	l795
  1151                           
  1152                           ;main.c: 69: debounce_count_fuzz++;
  1153  0051  3001               	movlw	1
  1154  0052  07A8               	addwf	_debounce_count_fuzz,f
  1155  0053  3000               	movlw	0
  1156  0054  3DA9               	addwfc	_debounce_count_fuzz+1,f
  1157                           
  1158                           ;main.c: 70: if (debounce_count_fuzz > 25) {
  1159  0055  0829               	movf	_debounce_count_fuzz+1,w
  1160  0056  3A80               	xorlw	128
  1161  0057  00B0               	movwf	??_main
  1162  0058  3080               	movlw	128
  1163  0059  0230               	subwf	??_main,w
  1164  005A  1D03               	skipz
  1165  005B  285E               	goto	u455
  1166  005C  301A               	movlw	26
  1167  005D  0228               	subwf	_debounce_count_fuzz,w
  1168  005E                     u455:	
  1169  005E  1C03               	skipc
  1170  005F  2894               	goto	l797
  1171                           
  1172                           ;main.c: 71: fuzz_state = !fuzz_state;
  1173  0060  0020               	movlb	0	; select bank0
  1174  0061  082C               	movf	_fuzz_state,w
  1175  0062  042D               	iorwf	_fuzz_state+1,w
  1176  0063  1D03               	btfss	3,2
  1177  0064  2867               	goto	u460
  1178  0065  3001               	movlw	1
  1179  0066  2868               	goto	u470
  1180  0067                     u460:	
  1181  0067  3000               	movlw	0
  1182  0068                     u470:	
  1183  0068  00B0               	movwf	??_main
  1184  0069  01B1               	clrf	??_main+1
  1185  006A  0830               	movf	??_main,w
  1186  006B  00AC               	movwf	_fuzz_state
  1187  006C  0831               	movf	??_main+1,w
  1188  006D  00AD               	movwf	_fuzz_state+1
  1189                           
  1190                           ;main.c: 72: LATAbits.LATA2 = !fuzz_state;
  1191  006E  082C               	movf	_fuzz_state,w
  1192  006F  042D               	iorwf	_fuzz_state+1,w
  1193  0070  1D03               	btfss	3,2
  1194  0071  2875               	goto	u480
  1195  0072  0022               	movlb	2	; select bank2
  1196  0073  150C               	bsf	12,2	;volatile
  1197  0074  2877               	goto	l787
  1198  0075                     u480:	
  1199  0075  0022               	movlb	2	; select bank2
  1200  0076  110C               	bcf	12,2	;volatile
  1201  0077                     l787:	
  1202                           
  1203                           ;main.c: 73: LATCbits.LATC1 = fuzz_state;
  1204  0077  0020               	movlb	0	; select bank0
  1205  0078  0C2C               	rrf	_fuzz_state,w
  1206  0079  0022               	movlb	2	; select bank2
  1207  007A  1C03               	skipc
  1208  007B  108E               	bcf	14,1	;volatile
  1209  007C  1803               	skipnc
  1210  007D  148E               	bsf	14,1	;volatile
  1211                           
  1212                           ;main.c: 74: LATCbits.LATC2 = !fuzz_state;
  1213  007E  0020               	movlb	0	; select bank0
  1214  007F  082C               	movf	_fuzz_state,w
  1215  0080  042D               	iorwf	_fuzz_state+1,w
  1216  0081  1D03               	btfss	3,2
  1217  0082  2886               	goto	u500
  1218  0083  0022               	movlb	2	; select bank2
  1219  0084  150E               	bsf	14,2	;volatile
  1220  0085  2888               	goto	l793
  1221  0086                     u500:	
  1222  0086  0022               	movlb	2	; select bank2
  1223  0087  110E               	bcf	14,2	;volatile
  1224  0088                     l793:	
  1225                           ;main.c: 75: while (PORTAbits.RA4 == 0) {
  1226                           
  1227  0088  0020               	movlb	0	; select bank0
  1228  0089  1A0C               	btfsc	12,4	;volatile
  1229  008A  2894               	goto	l797
  1230                           
  1231                           ;main.c: 76: wait_ms(20);
  1232  008B  3014               	movlw	20
  1233  008C  0020               	movlb	0	; select bank0
  1234  008D  00AE               	movwf	wait_ms@time
  1235  008E  3000               	movlw	0
  1236  008F  00AF               	movwf	wait_ms@time+1
  1237  0090  210A               	fcall	_wait_ms
  1238  0091  2888               	goto	l793
  1239  0092                     l795:	
  1240                           ;main.c: 77: }
  1241                           ;main.c: 78: }
  1242                           ;main.c: 79: } else {
  1243                           
  1244                           
  1245                           ;main.c: 80: debounce_count_fuzz = 0;
  1246  0092  01A8               	clrf	_debounce_count_fuzz
  1247  0093  01A9               	clrf	_debounce_count_fuzz+1
  1248  0094                     l797:	
  1249                           
  1250                           ;main.c: 81: }
  1251                           ;main.c: 94: if (PORTAbits.RA5 == 0) {
  1252  0094  0020               	movlb	0	; select bank0
  1253  0095  1A8C               	btfsc	12,5	;volatile
  1254  0096  28D8               	goto	l811
  1255                           
  1256                           ;main.c: 95: debounce_count_boost++;
  1257  0097  3001               	movlw	1
  1258  0098  07A6               	addwf	_debounce_count_boost,f
  1259  0099  3000               	movlw	0
  1260  009A  3DA7               	addwfc	_debounce_count_boost+1,f
  1261                           
  1262                           ;main.c: 96: if (debounce_count_boost > 25) {
  1263  009B  0827               	movf	_debounce_count_boost+1,w
  1264  009C  3A80               	xorlw	128
  1265  009D  00B0               	movwf	??_main
  1266  009E  3080               	movlw	128
  1267  009F  0230               	subwf	??_main,w
  1268  00A0  1D03               	skipz
  1269  00A1  28A4               	goto	u545
  1270  00A2  301A               	movlw	26
  1271  00A3  0226               	subwf	_debounce_count_boost,w
  1272  00A4                     u545:	
  1273  00A4  1C03               	skipc
  1274  00A5  284E               	goto	l781
  1275                           
  1276                           ;main.c: 97: boost_state = !boost_state;
  1277  00A6  0020               	movlb	0	; select bank0
  1278  00A7  0824               	movf	_boost_state,w
  1279  00A8  0425               	iorwf	_boost_state+1,w
  1280  00A9  1D03               	btfss	3,2
  1281  00AA  28AD               	goto	u550
  1282  00AB  3001               	movlw	1
  1283  00AC  28AE               	goto	u560
  1284  00AD                     u550:	
  1285  00AD  3000               	movlw	0
  1286  00AE                     u560:	
  1287  00AE  00B0               	movwf	??_main
  1288  00AF  01B1               	clrf	??_main+1
  1289  00B0  0830               	movf	??_main,w
  1290  00B1  00A4               	movwf	_boost_state
  1291  00B2  0831               	movf	??_main+1,w
  1292  00B3  00A5               	movwf	_boost_state+1
  1293                           
  1294                           ;main.c: 98: LATCbits.LATC5 = !boost_state;
  1295  00B4  0824               	movf	_boost_state,w
  1296  00B5  0425               	iorwf	_boost_state+1,w
  1297  00B6  1D03               	btfss	3,2
  1298  00B7  28BB               	goto	u570
  1299  00B8  0022               	movlb	2	; select bank2
  1300  00B9  168E               	bsf	14,5	;volatile
  1301  00BA  28BD               	goto	l803
  1302  00BB                     u570:	
  1303  00BB  0022               	movlb	2	; select bank2
  1304  00BC  128E               	bcf	14,5	;volatile
  1305  00BD                     l803:	
  1306                           
  1307                           ;main.c: 99: LATCbits.LATC4 = boost_state;
  1308  00BD  0020               	movlb	0	; select bank0
  1309  00BE  0C24               	rrf	_boost_state,w
  1310  00BF  0022               	movlb	2	; select bank2
  1311  00C0  1C03               	skipc
  1312  00C1  120E               	bcf	14,4	;volatile
  1313  00C2  1803               	skipnc
  1314  00C3  160E               	bsf	14,4	;volatile
  1315                           
  1316                           ;main.c: 100: LATCbits.LATC0 = !boost_state;
  1317  00C4  0020               	movlb	0	; select bank0
  1318  00C5  0824               	movf	_boost_state,w
  1319  00C6  0425               	iorwf	_boost_state+1,w
  1320  00C7  1D03               	btfss	3,2
  1321  00C8  28CC               	goto	u590
  1322  00C9  0022               	movlb	2	; select bank2
  1323  00CA  140E               	bsf	14,0	;volatile
  1324  00CB  28CE               	goto	l809
  1325  00CC                     u590:	
  1326  00CC  0022               	movlb	2	; select bank2
  1327  00CD  100E               	bcf	14,0	;volatile
  1328  00CE                     l809:	
  1329                           ;main.c: 101: while (PORTAbits.RA5 == 0) {
  1330                           
  1331  00CE  0020               	movlb	0	; select bank0
  1332  00CF  1A8C               	btfsc	12,5	;volatile
  1333  00D0  284E               	goto	l781
  1334                           
  1335                           ;main.c: 102: wait_ms(20);
  1336  00D1  3014               	movlw	20
  1337  00D2  0020               	movlb	0	; select bank0
  1338  00D3  00AE               	movwf	wait_ms@time
  1339  00D4  3000               	movlw	0
  1340  00D5  00AF               	movwf	wait_ms@time+1
  1341  00D6  210A               	fcall	_wait_ms
  1342  00D7  28CE               	goto	l809
  1343  00D8                     l811:	
  1344                           ;main.c: 103: }
  1345                           ;main.c: 104: }
  1346                           ;main.c: 105: } else {
  1347                           
  1348                           
  1349                           ;main.c: 106: debounce_count_boost = 0;
  1350  00D8  01A6               	clrf	_debounce_count_boost
  1351  00D9  01A7               	clrf	_debounce_count_boost+1
  1352  00DA  284E               	goto	l781
  1353  00DB                     __end_of_main:	
  1354                           
  1355                           	psect	text1
  1356  010A                     __ptext1:	
  1357 ;; *************** function _wait_ms *****************
  1358 ;; Defined at:
  1359 ;;		line 23 in file "system.c"
  1360 ;; Parameters:    Size  Location     Type
  1361 ;;  time            2    0[BANK0 ] unsigned int 
  1362 ;; Auto vars:     Size  Location     Type
  1363 ;;		None
  1364 ;; Return value:  Size  Location     Type
  1365 ;;                  1    wreg      void 
  1366 ;; Registers used:
  1367 ;;		wreg, status,2, status,0, pclath, cstack
  1368 ;; Tracked objects:
  1369 ;;		On entry : 0/0
  1370 ;;		On exit  : 0/0
  1371 ;;		Unchanged: 0/0
  1372 ;; Data sizes:     COMMON   BANK0   BANK1
  1373 ;;      Params:         0       2       0
  1374 ;;      Locals:         0       0       0
  1375 ;;      Temps:          0       0       0
  1376 ;;      Totals:         0       2       0
  1377 ;;Total ram usage:        2 bytes
  1378 ;; Hardware stack levels used:    1
  1379 ;; Hardware stack levels required when called:    2
  1380 ;; This function calls:
  1381 ;;		___lmul
  1382 ;; This function is called by:
  1383 ;;		_main
  1384 ;; This function uses a non-reentrant model
  1385 ;;
  1386                           
  1387                           
  1388                           ;psect for function _wait_ms
  1389  010A                     _wait_ms:	
  1390                           
  1391                           ;system.c: 25: static long timel = 0;
  1392                           ;system.c: 26: timel = time * 1000l;
  1393                           
  1394                           ;incstack = 0
  1395                           ; Regs used in _wait_ms: [wreg+status,2+status,0+pclath+cstack]
  1396  010A  0020               	movlb	0	; select bank0
  1397  010B  082E               	movf	wait_ms@time,w
  1398  010C  00F1               	movwf	___lmul@multiplier
  1399  010D  082F               	movf	wait_ms@time+1,w
  1400  010E  00F2               	movwf	___lmul@multiplier+1
  1401  010F  01F3               	clrf	___lmul@multiplier+2
  1402  0110  01F4               	clrf	___lmul@multiplier+3
  1403  0111  3000               	movlw	0
  1404  0112  00F8               	movwf	___lmul@multiplicand+3
  1405  0113  3000               	movlw	0
  1406  0114  00F7               	movwf	___lmul@multiplicand+2
  1407  0115  3003               	movlw	3
  1408  0116  00F6               	movwf	___lmul@multiplicand+1
  1409  0117  30E8               	movlw	232
  1410  0118  00F5               	movwf	___lmul@multiplicand
  1411  0119  20DB               	fcall	___lmul
  1412  011A  0874               	movf	?___lmul+3,w
  1413  011B  0020               	movlb	0	; select bank0
  1414  011C  00A3               	movwf	wait_ms@timel+3
  1415  011D  0873               	movf	?___lmul+2,w
  1416  011E  00A2               	movwf	wait_ms@timel+2
  1417  011F  0872               	movf	?___lmul+1,w
  1418  0120  00A1               	movwf	wait_ms@timel+1
  1419  0121  0871               	movf	?___lmul,w
  1420  0122  00A0               	movwf	wait_ms@timel
  1421  0123                     l93:	
  1422                           ;system.c: 27: for( ; timel; timel--);
  1423                           
  1424  0123  0823               	movf	wait_ms@timel+3,w
  1425  0124  0422               	iorwf	wait_ms@timel+2,w
  1426  0125  0421               	iorwf	wait_ms@timel+1,w
  1427  0126  0420               	iorwf	wait_ms@timel,w
  1428  0127  1903               	btfsc	3,2
  1429  0128  0008               	return
  1430  0129  30FF               	movlw	255
  1431  012A  07A0               	addwf	wait_ms@timel,f
  1432  012B  30FF               	movlw	255
  1433  012C  3DA1               	addwfc	wait_ms@timel+1,f
  1434  012D  30FF               	movlw	255
  1435  012E  3DA2               	addwfc	wait_ms@timel+2,f
  1436  012F  30FF               	movlw	255
  1437  0130  3DA3               	addwfc	wait_ms@timel+3,f
  1438  0131  2923               	goto	l93
  1439  0132                     __end_of_wait_ms:	
  1440                           
  1441                           	psect	text2
  1442  00DB                     __ptext2:	
  1443 ;; *************** function ___lmul *****************
  1444 ;; Defined at:
  1445 ;;		line 15 in file "C:\Program Files (x86)\Microchip\xc8\v1.37\sources\common\Umul32.c"
  1446 ;; Parameters:    Size  Location     Type
  1447 ;;  multiplier      4    1[COMMON] unsigned long 
  1448 ;;  multiplicand    4    5[COMMON] unsigned long 
  1449 ;; Auto vars:     Size  Location     Type
  1450 ;;  product         4    9[COMMON] unsigned long 
  1451 ;; Return value:  Size  Location     Type
  1452 ;;                  4    1[COMMON] unsigned long 
  1453 ;; Registers used:
  1454 ;;		wreg, status,2, status,0
  1455 ;; Tracked objects:
  1456 ;;		On entry : 0/0
  1457 ;;		On exit  : 0/0
  1458 ;;		Unchanged: 0/0
  1459 ;; Data sizes:     COMMON   BANK0   BANK1
  1460 ;;      Params:         8       0       0
  1461 ;;      Locals:         4       0       0
  1462 ;;      Temps:          0       0       0
  1463 ;;      Totals:        12       0       0
  1464 ;;Total ram usage:       12 bytes
  1465 ;; Hardware stack levels used:    1
  1466 ;; Hardware stack levels required when called:    1
  1467 ;; This function calls:
  1468 ;;		Nothing
  1469 ;; This function is called by:
  1470 ;;		_wait_ms
  1471 ;; This function uses a non-reentrant model
  1472 ;;
  1473                           
  1474                           
  1475                           ;psect for function ___lmul
  1476  00DB                     ___lmul:	
  1477                           
  1478                           ;incstack = 0
  1479                           ; Regs used in ___lmul: [wreg+status,2+status,0]
  1480  00DB  3000               	movlw	0
  1481  00DC  00FC               	movwf	___lmul@product+3
  1482  00DD  3000               	movlw	0
  1483  00DE  00FB               	movwf	___lmul@product+2
  1484  00DF  3000               	movlw	0
  1485  00E0  00FA               	movwf	___lmul@product+1
  1486  00E1  3000               	movlw	0
  1487  00E2  00F9               	movwf	___lmul@product
  1488  00E3                     l735:	
  1489  00E3  1C71               	btfss	___lmul@multiplier,0
  1490  00E4  28ED               	goto	l739
  1491  00E5  0875               	movf	___lmul@multiplicand,w
  1492  00E6  07F9               	addwf	___lmul@product,f
  1493  00E7  0876               	movf	___lmul@multiplicand+1,w
  1494  00E8  3DFA               	addwfc	___lmul@product+1,f
  1495  00E9  0877               	movf	___lmul@multiplicand+2,w
  1496  00EA  3DFB               	addwfc	___lmul@product+2,f
  1497  00EB  0878               	movf	___lmul@multiplicand+3,w
  1498  00EC  3DFC               	addwfc	___lmul@product+3,f
  1499  00ED                     l739:	
  1500  00ED  3001               	movlw	1
  1501  00EE                     u365:	
  1502  00EE  35F5               	lslf	___lmul@multiplicand,f
  1503  00EF  0DF6               	rlf	___lmul@multiplicand+1,f
  1504  00F0  0DF7               	rlf	___lmul@multiplicand+2,f
  1505  00F1  0DF8               	rlf	___lmul@multiplicand+3,f
  1506  00F2  0B89               	decfsz	9,f
  1507  00F3  28EE               	goto	u365
  1508  00F4  3001               	movlw	1
  1509  00F5                     u375:	
  1510  00F5  36F4               	lsrf	___lmul@multiplier+3,f
  1511  00F6  0CF3               	rrf	___lmul@multiplier+2,f
  1512  00F7  0CF2               	rrf	___lmul@multiplier+1,f
  1513  00F8  0CF1               	rrf	___lmul@multiplier,f
  1514  00F9  0B89               	decfsz	9,f
  1515  00FA  28F5               	goto	u375
  1516  00FB  0874               	movf	___lmul@multiplier+3,w
  1517  00FC  0473               	iorwf	___lmul@multiplier+2,w
  1518  00FD  0472               	iorwf	___lmul@multiplier+1,w
  1519  00FE  0471               	iorwf	___lmul@multiplier,w
  1520  00FF  1D03               	skipz
  1521  0100  28E3               	goto	l735
  1522  0101  087C               	movf	___lmul@product+3,w
  1523  0102  00F4               	movwf	?___lmul+3
  1524  0103  087B               	movf	___lmul@product+2,w
  1525  0104  00F3               	movwf	?___lmul+2
  1526  0105  087A               	movf	___lmul@product+1,w
  1527  0106  00F2               	movwf	?___lmul+1
  1528  0107  0879               	movf	___lmul@product,w
  1529  0108  00F1               	movwf	?___lmul
  1530  0109  0008               	return
  1531  010A                     __end_of___lmul:	
  1532                           
  1533                           	psect	text3
  1534  0132                     __ptext3:	
  1535 ;; *************** function _InitApp *****************
  1536 ;; Defined at:
  1537 ;;		line 22 in file "user.c"
  1538 ;; Parameters:    Size  Location     Type
  1539 ;;		None
  1540 ;; Auto vars:     Size  Location     Type
  1541 ;;		None
  1542 ;; Return value:  Size  Location     Type
  1543 ;;                  1    wreg      void 
  1544 ;; Registers used:
  1545 ;;		wreg, status,2, status,0, pclath, cstack
  1546 ;; Tracked objects:
  1547 ;;		On entry : 0/0
  1548 ;;		On exit  : 0/0
  1549 ;;		Unchanged: 0/0
  1550 ;; Data sizes:     COMMON   BANK0   BANK1
  1551 ;;      Params:         0       0       0
  1552 ;;      Locals:         0       0       0
  1553 ;;      Temps:          0       0       0
  1554 ;;      Totals:         0       0       0
  1555 ;;Total ram usage:        0 bytes
  1556 ;; Hardware stack levels used:    1
  1557 ;; Hardware stack levels required when called:    2
  1558 ;; This function calls:
  1559 ;;		_init_adc
  1560 ;; This function is called by:
  1561 ;;		_main
  1562 ;; This function uses a non-reentrant model
  1563 ;;
  1564                           
  1565                           
  1566                           ;psect for function _InitApp
  1567  0132                     _InitApp:	
  1568                           
  1569                           ;user.c: 23: TRISAbits.TRISA0 = 0;
  1570                           
  1571                           ;incstack = 0
  1572                           ; Regs used in _InitApp: [wreg+status,2+status,0+pclath+cstack]
  1573  0132  0021               	movlb	1	; select bank1
  1574  0133  100C               	bcf	12,0	;volatile
  1575                           
  1576                           ;user.c: 24: TRISAbits.TRISA1 = 0;
  1577  0134  108C               	bcf	12,1	;volatile
  1578                           
  1579                           ;user.c: 26: TRISAbits.TRISA2 = 0;
  1580  0135  110C               	bcf	12,2	;volatile
  1581                           
  1582                           ;user.c: 27: TRISAbits.TRISA4 = 1;
  1583  0136  160C               	bsf	12,4	;volatile
  1584                           
  1585                           ;user.c: 28: TRISAbits.TRISA5 = 1;
  1586  0137  168C               	bsf	12,5	;volatile
  1587                           
  1588                           ;user.c: 29: ANSELAbits.ANSA4 = 0;
  1589  0138  0023               	movlb	3	; select bank3
  1590  0139  120C               	bcf	12,4	;volatile
  1591                           
  1592                           ;user.c: 31: TRISCbits.TRISC0 = 0;
  1593  013A  0021               	movlb	1	; select bank1
  1594  013B  100E               	bcf	14,0	;volatile
  1595                           
  1596                           ;user.c: 32: TRISCbits.TRISC1 = 0;
  1597  013C  108E               	bcf	14,1	;volatile
  1598                           
  1599                           ;user.c: 33: TRISCbits.TRISC2 = 0;
  1600  013D  110E               	bcf	14,2	;volatile
  1601                           
  1602                           ;user.c: 34: TRISCbits.TRISC3 = 0;
  1603  013E  118E               	bcf	14,3	;volatile
  1604                           
  1605                           ;user.c: 35: TRISCbits.TRISC4 = 0;
  1606  013F  120E               	bcf	14,4	;volatile
  1607                           
  1608                           ;user.c: 36: TRISCbits.TRISC5 = 0;
  1609  0140  128E               	bcf	14,5	;volatile
  1610                           
  1611                           ;user.c: 38: init_adc();
  1612  0141  2143               	fcall	_init_adc
  1613  0142  0008               	return
  1614  0143                     __end_of_InitApp:	
  1615                           
  1616                           	psect	text4
  1617  0143                     __ptext4:	
  1618 ;; *************** function _init_adc *****************
  1619 ;; Defined at:
  1620 ;;		line 50 in file "user.c"
  1621 ;; Parameters:    Size  Location     Type
  1622 ;;		None
  1623 ;; Auto vars:     Size  Location     Type
  1624 ;;		None
  1625 ;; Return value:  Size  Location     Type
  1626 ;;                  1    wreg      void 
  1627 ;; Registers used:
  1628 ;;		wreg, status,2, status,0
  1629 ;; Tracked objects:
  1630 ;;		On entry : 0/0
  1631 ;;		On exit  : 0/0
  1632 ;;		Unchanged: 0/0
  1633 ;; Data sizes:     COMMON   BANK0   BANK1
  1634 ;;      Params:         0       0       0
  1635 ;;      Locals:         0       0       0
  1636 ;;      Temps:          0       0       0
  1637 ;;      Totals:         0       0       0
  1638 ;;Total ram usage:        0 bytes
  1639 ;; Hardware stack levels used:    1
  1640 ;; Hardware stack levels required when called:    1
  1641 ;; This function calls:
  1642 ;;		Nothing
  1643 ;; This function is called by:
  1644 ;;		_InitApp
  1645 ;; This function uses a non-reentrant model
  1646 ;;
  1647                           
  1648                           
  1649                           ;psect for function _init_adc
  1650  0143                     _init_adc:	
  1651                           
  1652                           ;user.c: 51: ADCON1bits.ADFM = 0b1;
  1653                           
  1654                           ;incstack = 0
  1655                           ; Regs used in _init_adc: [wreg+status,2+status,0]
  1656  0143  0021               	movlb	1	; select bank1
  1657  0144  179E               	bsf	30,7	;volatile
  1658                           
  1659                           ;user.c: 52: ADCON1bits.ADCS = 0b110;
  1660  0145  081E               	movf	30,w	;volatile
  1661  0146  398F               	andlw	-113
  1662  0147  3860               	iorlw	96
  1663  0148  009E               	movwf	30	;volatile
  1664                           
  1665                           ;user.c: 53: ADCON1bits.ADPREF = 0b00;
  1666  0149  30FC               	movlw	-4
  1667  014A  059E               	andwf	30,f	;volatile
  1668                           
  1669                           ;user.c: 54: ADCON0bits.ADON = 0b1;
  1670  014B  141D               	bsf	29,0	;volatile
  1671  014C  0008               	return
  1672  014D                     __end_of_init_adc:	
  1673                           
  1674                           	psect	text5
  1675  0153                     __ptext5:	
  1676 ;; *************** function _ConfigureOscillator *****************
  1677 ;; Defined at:
  1678 ;;		line 17 in file "system.c"
  1679 ;; Parameters:    Size  Location     Type
  1680 ;;		None
  1681 ;; Auto vars:     Size  Location     Type
  1682 ;;		None
  1683 ;; Return value:  Size  Location     Type
  1684 ;;                  1    wreg      void 
  1685 ;; Registers used:
  1686 ;;		wreg, status,2, status,0
  1687 ;; Tracked objects:
  1688 ;;		On entry : 0/0
  1689 ;;		On exit  : 0/0
  1690 ;;		Unchanged: 0/0
  1691 ;; Data sizes:     COMMON   BANK0   BANK1
  1692 ;;      Params:         0       0       0
  1693 ;;      Locals:         0       0       0
  1694 ;;      Temps:          0       0       0
  1695 ;;      Totals:         0       0       0
  1696 ;;Total ram usage:        0 bytes
  1697 ;; Hardware stack levels used:    1
  1698 ;; Hardware stack levels required when called:    1
  1699 ;; This function calls:
  1700 ;;		Nothing
  1701 ;; This function is called by:
  1702 ;;		_main
  1703 ;; This function uses a non-reentrant model
  1704 ;;
  1705                           
  1706                           
  1707                           ;psect for function _ConfigureOscillator
  1708  0153                     _ConfigureOscillator:	
  1709                           
  1710                           ;system.c: 19: OSCCONbits.IRCF = 0b1111;
  1711                           
  1712                           ;incstack = 0
  1713                           ; Regs used in _ConfigureOscillator: [wreg+status,2+status,0]
  1714  0153  3078               	movlw	120
  1715  0154  0021               	movlb	1	; select bank1
  1716  0155  0499               	iorwf	25,f	;volatile
  1717                           
  1718                           ;system.c: 20: OSCSTAT = 0x00;
  1719  0156  019A               	clrf	26	;volatile
  1720  0157  0008               	return
  1721  0158                     __end_of_ConfigureOscillator:	
  1722                           
  1723                           	psect	intentry
  1724  0004                     __pintentry:	
  1725 ;; *************** function _isr *****************
  1726 ;; Defined at:
  1727 ;;		line 23 in file "interrupts.c"
  1728 ;; Parameters:    Size  Location     Type
  1729 ;;		None
  1730 ;; Auto vars:     Size  Location     Type
  1731 ;;		None
  1732 ;; Return value:  Size  Location     Type
  1733 ;;                  1    wreg      void 
  1734 ;; Registers used:
  1735 ;;		None
  1736 ;; Tracked objects:
  1737 ;;		On entry : 0/0
  1738 ;;		On exit  : 0/0
  1739 ;;		Unchanged: 0/0
  1740 ;; Data sizes:     COMMON   BANK0   BANK1
  1741 ;;      Params:         0       0       0
  1742 ;;      Locals:         0       0       0
  1743 ;;      Temps:          1       0       0
  1744 ;;      Totals:         1       0       0
  1745 ;;Total ram usage:        1 bytes
  1746 ;; Hardware stack levels used:    1
  1747 ;; This function calls:
  1748 ;;		Nothing
  1749 ;; This function is called by:
  1750 ;;		Interrupt level 1
  1751 ;; This function uses a non-reentrant model
  1752 ;;
  1753                           
  1754  0004                     _isr:	
  1755                           
  1756                           ;incstack = 0
  1757                           ; Regs used in _isr: []
  1758  0004  147E               	bsf	126,0	;set compiler interrupt flag (level 1)
  1759  0005  3180               	pagesel	$
  1760  0006  0020               	movlb	0	; select bank0
  1761  0007  087F               	movf	127,w
  1762  0008  00F0               	movwf	??_isr
  1763  0009  0870               	movf	??_isr,w
  1764  000A  00FF               	movwf	127
  1765  000B  107E               	bcf	126,0	;clear compiler interrupt flag (level 1)
  1766  000C  0009               	retfie
  1767  000D                     __end_of_isr:	
  1768  007E                     btemp	set	126	;btemp
  1769  007E                     int$flags	set	126
  1770  007E                     wtemp	set	126
  1771  007E                     wtemp0	set	126
  1772  0080                     wtemp1	set	128
  1773  0082                     wtemp2	set	130
  1774  0084                     wtemp3	set	132
  1775  0086                     wtemp4	set	134
  1776  0088                     wtemp5	set	136
  1777  007F                     wtemp6	set	127
  1778  007E                     ttemp	set	126
  1779  007E                     ttemp0	set	126
  1780  0081                     ttemp1	set	129
  1781  0084                     ttemp2	set	132
  1782  0087                     ttemp3	set	135
  1783  007F                     ttemp4	set	127
  1784  007E                     ltemp	set	126
  1785  007E                     ltemp0	set	126
  1786  0082                     ltemp1	set	130
  1787  0086                     ltemp2	set	134
  1788  0080                     ltemp3	set	128


Data Sizes:
    Strings     0
    Constant    0
    Data        0
    BSS         14
    Persistent  0
    Stack       0

Auto Spaces:
    Space          Size  Autos    Used
    COMMON           14     13      13
    BANK0            80      4      18
    BANK1            32      0       0

Pointer List with Targets:

    None.

Critical Paths under _main in COMMON

    _wait_ms->___lmul

Critical Paths under _isr in COMMON

    None.

Critical Paths under _main in BANK0

    _main->_wait_ms

Critical Paths under _isr in BANK0

    None.

Critical Paths under _main in BANK1

    None.

Critical Paths under _isr in BANK1

    None.

Call Graph Tables:

 ---------------------------------------------------------------------------------
 (Depth) Function   	        Calls       Base Space   Used Autos Params    Refs
 ---------------------------------------------------------------------------------
 (0) _main                                                 2     2      0     370
                                              2 BANK0      2     2      0
                _ConfigureOscillator
                            _InitApp
                            _wait_ms
 ---------------------------------------------------------------------------------
 (1) _wait_ms                                              2     0      2     370
                                              0 BANK0      2     0      2
                             ___lmul
 ---------------------------------------------------------------------------------
 (2) ___lmul                                              12     4      8     220
                                              1 COMMON    12     4      8
 ---------------------------------------------------------------------------------
 (1) _InitApp                                              0     0      0       0
                           _init_adc
 ---------------------------------------------------------------------------------
 (2) _init_adc                                             0     0      0       0
 ---------------------------------------------------------------------------------
 (1) _ConfigureOscillator                                  0     0      0       0
 ---------------------------------------------------------------------------------
 Estimated maximum stack depth 2
 ---------------------------------------------------------------------------------
 (Depth) Function   	        Calls       Base Space   Used Autos Params    Refs
 ---------------------------------------------------------------------------------
 (3) _isr                                                  1     1      0       0
                                              0 COMMON     1     1      0
 ---------------------------------------------------------------------------------
 Estimated maximum stack depth 3
 ---------------------------------------------------------------------------------

 Call Graph Graphs:

 _main (ROOT)
   _ConfigureOscillator
   _InitApp
     _init_adc
   _wait_ms
     ___lmul

 _isr (ROOT)

 Address spaces:
Name               Size   Autos  Total    Cost      Usage
BIGRAM              70      0       0       0        0.0%
NULL                 0      0       0       0        0.0%
CODE                 0      0       0       0        0.0%
BITCOMMON            E      0       0       1        0.0%
BITSFR0              0      0       0       1        0.0%
SFR0                 0      0       0       1        0.0%
COMMON               E      D       D       2       92.9%
BITSFR1              0      0       0       2        0.0%
SFR1                 0      0       0       2        0.0%
BITSFR2              0      0       0       3        0.0%
SFR2                 0      0       0       3        0.0%
STACK                0      0       0       3        0.0%
BITSFR3              0      0       0       4        0.0%
SFR3                 0      0       0       4        0.0%
ABS                  0      0      1F       4        0.0%
BITBANK0            50      0       0       5        0.0%
BITSFR4              0      0       0       5        0.0%
SFR4                 0      0       0       5        0.0%
BANK0               50      4      12       6       22.5%
BITSFR5              0      0       0       6        0.0%
SFR5                 0      0       0       6        0.0%
BITBANK1            20      0       0       7        0.0%
BITSFR6              0      0       0       7        0.0%
SFR6                 0      0       0       7        0.0%
BANK1               20      0       0       8        0.0%
BITSFR7              0      0       0       8        0.0%
SFR7                 0      0       0       8        0.0%
BITSFR8              0      0       0       9        0.0%
SFR8                 0      0       0       9        0.0%
DATA                 0      0      1F       9        0.0%
BITSFR9              0      0       0      10        0.0%
SFR9                 0      0       0      10        0.0%
BITSFR10             0      0       0      11        0.0%
SFR10                0      0       0      11        0.0%
BITSFR11             0      0       0      12        0.0%
SFR11                0      0       0      12        0.0%
BITSFR12             0      0       0      13        0.0%
SFR12                0      0       0      13        0.0%
BITSFR13             0      0       0      14        0.0%
SFR13                0      0       0      14        0.0%
BITSFR14             0      0       0      15        0.0%
SFR14                0      0       0      15        0.0%
BITSFR15             0      0       0      16        0.0%
SFR15                0      0       0      16        0.0%
BITSFR16             0      0       0      17        0.0%
SFR16                0      0       0      17        0.0%
BITSFR17             0      0       0      18        0.0%
SFR17                0      0       0      18        0.0%
BITSFR18             0      0       0      19        0.0%
SFR18                0      0       0      19        0.0%
BITSFR19             0      0       0      20        0.0%
SFR19                0      0       0      20        0.0%
BITSFR20             0      0       0      21        0.0%
SFR20                0      0       0      21        0.0%
BITSFR21             0      0       0      22        0.0%
SFR21                0      0       0      22        0.0%
BITSFR22             0      0       0      23        0.0%
SFR22                0      0       0      23        0.0%
BITSFR23             0      0       0      24        0.0%
SFR23                0      0       0      24        0.0%
BITSFR24             0      0       0      25        0.0%
SFR24                0      0       0      25        0.0%
BITSFR25             0      0       0      26        0.0%
SFR25                0      0       0      26        0.0%
BITSFR26             0      0       0      27        0.0%
SFR26                0      0       0      27        0.0%
BITSFR27             0      0       0      28        0.0%
SFR27                0      0       0      28        0.0%
BITSFR28             0      0       0      29        0.0%
SFR28                0      0       0      29        0.0%
BITSFR29             0      0       0      30        0.0%
SFR29                0      0       0      30        0.0%
BITSFR30             0      0       0      31        0.0%
SFR30                0      0       0      31        0.0%
BITSFR31             0      0       0      32        0.0%
SFR31                0      0       0      32        0.0%


Microchip Technology PIC Macro Assembler V1.37 build -260352376 
Symbol Table                                                                                   Mon Jul 25 19:48:41 2016

                 __CFG_CP$OFF 0000                            l93 0123                   __CFG_LVP$ON 0000  
                         l803 00BD                           l811 00D8                           l735 00E3  
                         l809 00CE                           l739 00ED                           l771 0028  
                         l781 004E                           l793 0088                           l777 0040  
                         l787 0077                           l795 0092                           l797 0094  
                         u400 0026                           u500 0086                           u420 003E  
                         u460 0067                           u365 00EE                           u550 00AD  
                         u470 0068                           u375 00F5                           u455 005E  
                         u560 00AE                           u480 0075                           u545 00A4  
                         u570 00BB                           u590 00CC                           _isr 0004  
                __CFG_BORV$LO 0000                           wreg 0009                          ?_isr 0070  
                __CFG_WRT$OFF 0000                          _main 0017                          fsr0h 0005  
                        fsr0l 0004                          indf0 0000                          btemp 007E  
                        ltemp 007E                          start 000D                          ttemp 007E  
                        wtemp 007E                 __CFG_MCLRE$ON 0000               __end_of_InitApp 0143  
                       ??_isr 0070                         ?_main 0070                 __CFG_WDTE$OFF 0000  
         _ConfigureOscillator 0153           ___lmul@multiplicand 0075                __CFG_BOREN$OFF 0000  
                       ltemp0 007E                         ltemp1 0082                         ltemp2 0086  
                       ltemp3 0080               __end_of_wait_ms 0132                         ttemp0 007E  
                       ttemp1 0081                         ttemp2 0084                         ttemp3 0087  
                       ttemp4 007F                         status 0003                         wtemp0 007E  
                       wtemp1 0080                         wtemp2 0082                         wtemp3 0084  
                       wtemp4 0086                         wtemp5 0088                         wtemp6 007F  
        ?_ConfigureOscillator 0070               __initialization 000E                  __end_of_main 00DB  
              __CFG_LPBOR$OFF 0000                        ??_main 0030                _feedback_state 002A  
                      _ADRESH 009C                        _ADRESL 009B                        _PMADRH 0192  
                      _PMADRL 0191                        _PMDATH 0194                        _PMDATL 0193  
                      _PMCON2 0196                     ??_InitApp 0071         ??_ConfigureOscillator 0071  
              __CFG_PWRTE$OFF 0000                        ___lmul 00DB                __CFG_STVREN$ON 0000  
            __end_of_init_adc 014D                     ??_wait_ms 007D       __end_of__initialization 0014  
              __pcstackCOMMON 0070                    __pbssBANK0 0020                    __pmaintext 0017  
                     ?___lmul 0071                    __pintentry 0004                ___lmul@product 0079  
                     _OSCSTAT 009A                     ?_init_adc 0070                       _InitApp 0132  
             __size_of___lmul 002F                       __ptext1 010A                       __ptext2 00DB  
                     __ptext3 0132                       __ptext4 0143                       __ptext5 0153  
                   _T2CONbits 001C                  __size_of_isr 0009                       _wait_ms 010A  
                     clrloop0 014E          end_of_initialization 0014                    ??_init_adc 0071  
                  _fuzz_state 002C                   wait_ms@time 002E                     _PORTAbits 000C  
            __CFG_FOSC$INTOSC 0000                     _TRISAbits 008C                     _TRISCbits 008E  
 __end_of_ConfigureOscillator 0158                __end_of___lmul 010A           start_initialization 000E  
                 __end_of_isr 000D                      ??___lmul 0079                     ___latbits 0000  
               __pcstackBANK0 002E                      ?_InitApp 0070             __size_of_init_adc 000A  
                    ?_wait_ms 002E                      _LATAbits 010C                      _LATCbits 010E  
                   clear_ram0 014D                      _PIR1bits 0011                    _ADCON0bits 009D  
                  _ADCON1bits 009E                   _boost_state 0024             ___lmul@multiplier 0071  
            __size_of_InitApp 0011                    _ANSELAbits 018C              __size_of_wait_ms 0028  
                    _init_adc 0143                 __size_of_main 00C4  __size_of_ConfigureOscillator 0005  
                    int$flags 007E          _debounce_count_boost 0026                    _INTCONbits 000B  
                    intlevel1 0000                    _PMCON1bits 0195             __CFG_CLKOUTEN$OFF 0000  
                  _OSCCONbits 0099           _debounce_count_fuzz 0028                  wait_ms@timel 0020  
